<?xml version="1.0" encoding="UTF-8"?>
<!-- Generated by org.testng.reporters.JUnitReportReporter -->
<testsuite hostname="DESKTOP-RQMQD1V" failures="0" tests="1" name="com.crm.vtger.practice.Excel_practice" time="0.531" errors="0" timestamp="2023-07-29T14:02:21 IST" skipped="0">
  <testcase classname="com.crm.vtger.practice.Excel_practice" name="get" time="0.531"/>
</testsuite> <!-- com.crm.vtger.practice.Excel_practice -->
