<?xml version="1.0" encoding="UTF-8"?>
<!-- Generated by org.testng.reporters.JUnitReportReporter -->
<testsuite hostname="DESKTOP-RQMQD1V" failures="0" tests="4" name="com.crm.vtiger.organaisationTest.VerifyuserCreateOrganaisationTest" time="35.083" errors="0" timestamp="2023-07-31T16:24:41 IST" skipped="0">
  <testcase classname="com.crm.vtiger.organaisationTest.VerifyuserCreateOrganaisationTest" name="create" time="9.783"/>
  <testcase classname="com.crm.vtiger.organaisationTest.VerifyuserCreateOrganaisationTest" name="create" time="9.127"/>
  <testcase classname="com.crm.vtiger.organaisationTest.VerifyuserCreateOrganaisationTest" name="create" time="7.612"/>
  <testcase classname="com.crm.vtiger.organaisationTest.VerifyuserCreateOrganaisationTest" name="create" time="8.561"/>
</testsuite> <!-- com.crm.vtiger.organaisationTest.VerifyuserCreateOrganaisationTest -->
