<?xml version="1.0" encoding="UTF-8"?>
<!-- Generated by org.testng.reporters.JUnitReportReporter -->
<testsuite hostname="DESKTOP-RQMQD1V" failures="0" tests="2" name="com.crm.vtiger.contactsTest.VerifyuserCreateContactsTest" time="12.614" errors="0" timestamp="2023-08-02T15:13:08 IST" skipped="0">
  <testcase classname="com.crm.vtiger.contactsTest.VerifyuserCreateContactsTest" name="contactTest" time="8.483">
    <system-out>
      <![CDATA[contact link click
lookup image click]]>
    </system-out>
  </testcase> <!-- contactTest -->
  <testcase classname="com.crm.vtiger.contactsTest.VerifyuserCreateContactsTest" name="demo" time="4.131"/>
  <system-out>
    <![CDATA[login happen succesfully
contact link click
lookup image click
logout happen succesfully
login happen succesfully
logout happen succesfully
browser close]]>
  </system-out>
</testsuite> <!-- com.crm.vtiger.contactsTest.VerifyuserCreateContactsTest -->
