<?xml version="1.0" encoding="UTF-8"?>
<!-- Generated by org.testng.reporters.JUnitReportReporter -->
<testsuite hostname="DESKTOP-RQMQD1V" failures="0" tests="3" name="com.crm.vtger.practice.FetchData" time="0.010" errors="0" timestamp="2023-07-28T14:34:56 IST" skipped="0">
  <testcase classname="com.crm.vtger.practice.FetchData" name="get" time="0.002"/>
  <testcase classname="com.crm.vtger.practice.FetchData" name="get" time="0.003"/>
  <testcase classname="com.crm.vtger.practice.FetchData" name="get" time="0.005"/>
</testsuite> <!-- com.crm.vtger.practice.FetchData -->
