<?xml version="1.0" encoding="UTF-8"?>
<!-- Generated by org.testng.reporters.JUnitReportReporter -->
<testsuite hostname="DESKTOP-RQMQD1V" failures="0" tests="3" name="com.crm.vtger.practice.TestNg_practice" time="0.013" errors="0" timestamp="2023-07-28T11:07:51 IST" skipped="0">
  <testcase classname="com.crm.vtger.practice.TestNg_practice" name="deleted" time="0.002"/>
  <testcase classname="com.crm.vtger.practice.TestNg_practice" name="updated" time="0.005"/>
  <testcase classname="com.crm.vtger.practice.TestNg_practice" name="create" time="0.006"/>
</testsuite> <!-- com.crm.vtger.practice.TestNg_practice -->
